<?xml version="1.0" encoding="UTF-8"?>
<!-- Generated by org.testng.reporters.JUnitReportReporter -->
<testsuite skipped="1" hostname="DESKTOP-059IGA7" name="com.test.TestEx" tests="2" failures="0" timestamp="15 Feb 2022 10:22:22 GMT" time="2.199" errors="1">
  <testcase name="setup" time="2.199" classname="com.test.TestEx">
    <error type="org.openqa.selenium.SessionNotCreatedException" message="session not created: This version of ChromeDriver only supports Chrome version 96
Current browser version is 98.0.4758.102 with binary path C:\Program Files (x86)\Google\Chrome\Application\chrome.exe
Build info: version: &#039;3.141.59&#039;, revision: &#039;e82be7d358&#039;, time: &#039;2018-11-14T08:17:03&#039;
System info: host: &#039;DESKTOP-059IGA7&#039;, ip: &#039;192.168.0.101&#039;, os.name: &#039;Windows 10&#039;, os.arch: &#039;amd64&#039;, os.version: &#039;10.0&#039;, java.version: &#039;1.8.0_311&#039;
Driver info: driver.version: ChromeDriver
remote stacktrace: Backtrace:
	Ordinal0 [0x00CF6903+2517251]
	Ordinal0 [0x00C8F8E1+2095329]
	Ordinal0 [0x00B92848+1058888]
	Ordinal0 [0x00BB0B9D+1182621]
	Ordinal0 [0x00BACA60+1165920]
	Ordinal0 [0x00BAA2CF+1155791]
	Ordinal0 [0x00BDAAAF+1354415]
	Ordinal0 [0x00BDA71A+1353498]
	Ordinal0 [0x00BD639B+1336219]
	Ordinal0 [0x00BB27A7+1189799]
	Ordinal0 [0x00BB3609+1193481]
	GetHandleVerifier [0x00E85904+1577972]
	GetHandleVerifier [0x00F30B97+2279047]
	GetHandleVerifier [0x00D86D09+534521]
	GetHandleVerifier [0x00D85DB9+530601]
	Ordinal0 [0x00C94FF9+2117625]
	Ordinal0 [0x00C998A8+2136232]
	Ordinal0 [0x00C999E2+2136546]
	Ordinal0 [0x00CA3541+2176321]
	BaseThreadInitThunk [0x760CFA29+25]
	RtlGetAppContainerNamedObjectPath [0x77A17A9E+286]
	RtlGetAppContainerNamedObjectPath [0x77A17A6E+238]
">
      <![CDATA[org.openqa.selenium.SessionNotCreatedException: session not created: This version of ChromeDriver only supports Chrome version 96
Current browser version is 98.0.4758.102 with binary path C:\Program Files (x86)\Google\Chrome\Application\chrome.exe
Build info: version: '3.141.59', revision: 'e82be7d358', time: '2018-11-14T08:17:03'
System info: host: 'DESKTOP-059IGA7', ip: '192.168.0.101', os.name: 'Windows 10', os.arch: 'amd64', os.version: '10.0', java.version: '1.8.0_311'
Driver info: driver.version: ChromeDriver
remote stacktrace: Backtrace:
Ordinal0 [0x00CF6903+2517251]
Ordinal0 [0x00C8F8E1+2095329]
Ordinal0 [0x00B92848+1058888]
Ordinal0 [0x00BB0B9D+1182621]
Ordinal0 [0x00BACA60+1165920]
Ordinal0 [0x00BAA2CF+1155791]
Ordinal0 [0x00BDAAAF+1354415]
Ordinal0 [0x00BDA71A+1353498]
Ordinal0 [0x00BD639B+1336219]
Ordinal0 [0x00BB27A7+1189799]
Ordinal0 [0x00BB3609+1193481]
GetHandleVerifier [0x00E85904+1577972]
GetHandleVerifier [0x00F30B97+2279047]
GetHandleVerifier [0x00D86D09+534521]
GetHandleVerifier [0x00D85DB9+530601]
Ordinal0 [0x00C94FF9+2117625]
Ordinal0 [0x00C998A8+2136232]
Ordinal0 [0x00C999E2+2136546]
Ordinal0 [0x00CA3541+2176321]
BaseThreadInitThunk [0x760CFA29+25]
RtlGetAppContainerNamedObjectPath [0x77A17A9E+286]
RtlGetAppContainerNamedObjectPath [0x77A17A6E+238]

at sun.reflect.NativeConstructorAccessorImpl.newInstance0(Native Method)
at sun.reflect.NativeConstructorAccessorImpl.newInstance(Unknown Source)
at sun.reflect.DelegatingConstructorAccessorImpl.newInstance(Unknown Source)
at java.lang.reflect.Constructor.newInstance(Unknown Source)
at org.openqa.selenium.remote.W3CHandshakeResponse.lambda$errorHandler$0(W3CHandshakeResponse.java:62)
at org.openqa.selenium.remote.HandshakeResponse.lambda$getResponseFunction$0(HandshakeResponse.java:30)
at org.openqa.selenium.remote.ProtocolHandshake.lambda$createSession$0(ProtocolHandshake.java:126)
at java.util.stream.ReferencePipeline$3$1.accept(Unknown Source)
at java.util.Spliterators$ArraySpliterator.tryAdvance(Unknown Source)
at java.util.stream.ReferencePipeline.forEachWithCancel(Unknown Source)
at java.util.stream.AbstractPipeline.copyIntoWithCancel(Unknown Source)
at java.util.stream.AbstractPipeline.copyInto(Unknown Source)
at java.util.stream.AbstractPipeline.wrapAndCopyInto(Unknown Source)
at java.util.stream.FindOps$FindOp.evaluateSequential(Unknown Source)
at java.util.stream.AbstractPipeline.evaluate(Unknown Source)
at java.util.stream.ReferencePipeline.findFirst(Unknown Source)
at org.openqa.selenium.remote.ProtocolHandshake.createSession(ProtocolHandshake.java:128)
at org.openqa.selenium.remote.ProtocolHandshake.createSession(ProtocolHandshake.java:74)
at org.openqa.selenium.remote.HttpCommandExecutor.execute(HttpCommandExecutor.java:136)
at org.openqa.selenium.remote.service.DriverCommandExecutor.execute(DriverCommandExecutor.java:83)
at org.openqa.selenium.remote.RemoteWebDriver.execute(RemoteWebDriver.java:552)
at org.openqa.selenium.remote.RemoteWebDriver.startSession(RemoteWebDriver.java:213)
at org.openqa.selenium.remote.RemoteWebDriver.<init>(RemoteWebDriver.java:131)
at org.openqa.selenium.chrome.ChromeDriver.<init>(ChromeDriver.java:181)
at org.openqa.selenium.chrome.ChromeDriver.<init>(ChromeDriver.java:168)
at org.openqa.selenium.chrome.ChromeDriver.<init>(ChromeDriver.java:123)
at com.base.BaseClass.Initialization(BaseClass.java:38)
at com.test.TestEx.setup(TestEx.java:19)
at sun.reflect.NativeMethodAccessorImpl.invoke0(Native Method)
at sun.reflect.NativeMethodAccessorImpl.invoke(Unknown Source)
at sun.reflect.DelegatingMethodAccessorImpl.invoke(Unknown Source)
at java.lang.reflect.Method.invoke(Unknown Source)
at org.testng.internal.MethodInvocationHelper.invokeMethod(MethodInvocationHelper.java:124)
at org.testng.internal.MethodInvocationHelper.invokeMethodConsideringTimeout(MethodInvocationHelper.java:59)
at org.testng.internal.Invoker.invokeConfigurationMethod(Invoker.java:458)
at org.testng.internal.Invoker.invokeConfigurations(Invoker.java:222)
at org.testng.internal.Invoker.invokeConfigurations(Invoker.java:142)
at org.testng.SuiteRunner.privateRun(SuiteRunner.java:401)
at org.testng.SuiteRunner.run(SuiteRunner.java:364)
at org.testng.SuiteRunnerWorker.runSuite(SuiteRunnerWorker.java:52)
at org.testng.SuiteRunnerWorker.run(SuiteRunnerWorker.java:84)
at org.testng.TestNG.runSuitesSequentially(TestNG.java:1208)
at org.testng.TestNG.runSuitesLocally(TestNG.java:1137)
at org.testng.TestNG.runSuites(TestNG.java:1049)
at org.testng.TestNG.run(TestNG.java:1017)
at org.testng.remote.AbstractRemoteTestNG.run(AbstractRemoteTestNG.java:114)
at org.testng.remote.RemoteTestNG.initAndRun(RemoteTestNG.java:251)
at org.testng.remote.RemoteTestNG.main(RemoteTestNG.java:77)
]]>
    </error>
  </testcase> <!-- setup -->
  <testcase name="verify_Hotel" time="0.000" classname="com.test.TestEx">
    <skipped/>
  </testcase> <!-- verify_Hotel -->
</testsuite> <!-- com.test.TestEx -->
